#-----------------------------------------------------------
# Vivado v2018.3 (64-bit)
# SW Build 2405991 on Thu Dec  6 23:38:27 MST 2018
# IP Build 2404404 on Fri Dec  7 01:43:56 MST 2018
# Start of session at: Sat Jan 30 21:35:10 2021
# Process ID: 13476
# Current directory: C:/Users/User/Desktop/Atari
# Command line: vivado.exe -gui_launcher_event rodinguilauncherevent7688 C:\Users\User\Desktop\Atari\Atari2600.xpr
# Log file: C:/Users/User/Desktop/Atari/vivado.log
# Journal file: C:/Users/User/Desktop/Atari\vivado.jou
#-----------------------------------------------------------
Sourcing tcl script 'C:/Users/User/AppData/Roaming/Xilinx/Vivado/Vivado_init.tcl'
start_gui
open_project C:/Users/User/Desktop/Atari/Atari2600.xpr
Scanning sources...
Finished scanning sources
INFO: [IP_Flow 19-234] Refreshing IP repositories
INFO: [IP_Flow 19-1704] No user IP repositories specified
INFO: [IP_Flow 19-2313] Loaded Vivado IP repository 'C:/Xilinx/Vivado/2018.3/data/ip'.
WARNING: [IP_Flow 19-3664] IP 'clk_wiz_0' generated file not found 'c:/Users/User/Desktop/Atari/Atari2600.srcs/sources_1/ip/clk_wiz_0/clk_wiz_0.dcp'. Please regenerate to continue.
WARNING: [IP_Flow 19-3664] IP 'clk_wiz_0' generated file not found 'c:/Users/User/Desktop/Atari/Atari2600.srcs/sources_1/ip/clk_wiz_0/clk_wiz_0_stub.v'. Please regenerate to continue.
WARNING: [IP_Flow 19-3664] IP 'clk_wiz_0' generated file not found 'c:/Users/User/Desktop/Atari/Atari2600.srcs/sources_1/ip/clk_wiz_0/clk_wiz_0_stub.vhdl'. Please regenerate to continue.
WARNING: [IP_Flow 19-3664] IP 'clk_wiz_0' generated file not found 'c:/Users/User/Desktop/Atari/Atari2600.srcs/sources_1/ip/clk_wiz_0/clk_wiz_0_sim_netlist.v'. Please regenerate to continue.
WARNING: [IP_Flow 19-3664] IP 'clk_wiz_0' generated file not found 'c:/Users/User/Desktop/Atari/Atari2600.srcs/sources_1/ip/clk_wiz_0/clk_wiz_0_sim_netlist.vhdl'. Please regenerate to continue.
open_project: Time (s): cpu = 00:00:20 ; elapsed = 00:00:11 . Memory (MB): peak = 753.070 ; gain = 152.473
update_compile_order -fileset sources_1
set_property library work [get_files  C:/Users/User/Desktop/Atari/Atari2600.srcs/sources_1/new/predecoder.v]
WARNING: [filemgmt 56-99] Vivado Synthesis ignores library specification for Verilog or SystemVerilog files. [C:/Users/User/Desktop/Atari/Atari2600.srcs/sources_1/new/predecoder.v:]
set_property is_global_include true [get_files  C:/Users/User/Desktop/Atari/Atari2600.srcs/sources_1/new/predecoder.v]
update_compile_order -fileset sources_1
set_property file_type VHDL [get_files  C:/Users/User/Desktop/Atari/Atari2600.srcs/sources_1/new/predecoder.v]
set_property file_type Verilog [get_files  C:/Users/User/Desktop/Atari/Atari2600.srcs/sources_1/new/predecoder.v]
set_property is_global_include false [get_files  C:/Users/User/Desktop/Atari/Atari2600.srcs/sources_1/new/predecoder.v]
update_compile_order -fileset sources_1
set_property library my_types [get_files  C:/Users/User/Desktop/Atari/Atari2600.srcs/sources_1/new/decoder.vhd]
close [ open C:/Users/User/Desktop/Atari/Atari2600.srcs/sources_1/new/my_types.vhd w ]
add_files C:/Users/User/Desktop/Atari/Atari2600.srcs/sources_1/new/my_types.vhd
update_compile_order -fileset sources_1
exit
INFO: [Common 17-206] Exiting Vivado at Sat Jan 30 21:50:53 2021...
