#-----------------------------------------------------------
# Vivado v2018.3 (64-bit)
# SW Build 2405991 on Thu Dec  6 23:38:27 MST 2018
# IP Build 2404404 on Fri Dec  7 01:43:56 MST 2018
# Start of session at: Sun Jan 31 11:44:57 2021
# Process ID: 13224
# Current directory: C:/Users/User/Desktop/Atari
# Command line: vivado.exe -gui_launcher_event rodinguilauncherevent9924 C:\Users\User\Desktop\Atari\Atari2600.xpr
# Log file: C:/Users/User/Desktop/Atari/vivado.log
# Journal file: C:/Users/User/Desktop/Atari\vivado.jou
#-----------------------------------------------------------
Sourcing tcl script 'C:/Users/User/AppData/Roaming/Xilinx/Vivado/Vivado_init.tcl'
start_gui
open_project C:/Users/User/Desktop/Atari/Atari2600.xpr
WARNING: [filemgmt 56-99] Vivado Synthesis ignores library specification for Verilog or SystemVerilog files. [C:/Users/User/Desktop/Atari/Atari2600.srcs/sources_1/new/predecoder.v:]
Scanning sources...
Finished scanning sources
INFO: [IP_Flow 19-234] Refreshing IP repositories
INFO: [IP_Flow 19-1704] No user IP repositories specified
INFO: [IP_Flow 19-2313] Loaded Vivado IP repository 'C:/Xilinx/Vivado/2018.3/data/ip'.
WARNING: [IP_Flow 19-3664] IP 'clk_wiz_0' generated file not found 'c:/Users/User/Desktop/Atari/Atari2600.srcs/sources_1/ip/clk_wiz_0/clk_wiz_0.dcp'. Please regenerate to continue.
WARNING: [IP_Flow 19-3664] IP 'clk_wiz_0' generated file not found 'c:/Users/User/Desktop/Atari/Atari2600.srcs/sources_1/ip/clk_wiz_0/clk_wiz_0_stub.v'. Please regenerate to continue.
WARNING: [IP_Flow 19-3664] IP 'clk_wiz_0' generated file not found 'c:/Users/User/Desktop/Atari/Atari2600.srcs/sources_1/ip/clk_wiz_0/clk_wiz_0_stub.vhdl'. Please regenerate to continue.
WARNING: [IP_Flow 19-3664] IP 'clk_wiz_0' generated file not found 'c:/Users/User/Desktop/Atari/Atari2600.srcs/sources_1/ip/clk_wiz_0/clk_wiz_0_sim_netlist.v'. Please regenerate to continue.
WARNING: [IP_Flow 19-3664] IP 'clk_wiz_0' generated file not found 'c:/Users/User/Desktop/Atari/Atari2600.srcs/sources_1/ip/clk_wiz_0/clk_wiz_0_sim_netlist.vhdl'. Please regenerate to continue.
open_project: Time (s): cpu = 00:00:19 ; elapsed = 00:00:13 . Memory (MB): peak = 755.012 ; gain = 153.961
update_compile_order -fileset sources_1
close [ open C:/Users/User/Desktop/Atari/Atari2600.srcs/sources_1/new/control_unit.v w ]
add_files C:/Users/User/Desktop/Atari/Atari2600.srcs/sources_1/new/control_unit.v
close [ open C:/Users/User/Desktop/Atari/Atari2600.srcs/sources_1/new/control_unit_header.vh w ]
add_files C:/Users/User/Desktop/Atari/Atari2600.srcs/sources_1/new/control_unit_header.vh
update_compile_order -fileset sources_1
exit
INFO: [Common 17-206] Exiting Vivado at Sun Jan 31 11:51:58 2021...
