INFO: [VRFC 10-2263] Analyzing Verilog file "C:/Users/User/Desktop/Atari/Atari2600.srcs/sources_1/new/control_unit.v" into library xil_defaultlib
INFO: [VRFC 10-311] analyzing module header
INFO: [VRFC 10-311] analyzing module control_unit
ERROR: [VRFC 10-2989] 'T0' is not declared [C:/Users/User/Desktop/Atari/Atari2600.srcs/sources_1/new/control_unit.v:74]
ERROR: [VRFC 10-2989] 'T0' is not declared [C:/Users/User/Desktop/Atari/Atari2600.srcs/sources_1/new/control_unit.v:84]
ERROR: [VRFC 10-2989] 'T1' is not declared [C:/Users/User/Desktop/Atari/Atari2600.srcs/sources_1/new/control_unit.v:86]
ERROR: [VRFC 10-2989] 'T1' is not declared [C:/Users/User/Desktop/Atari/Atari2600.srcs/sources_1/new/control_unit.v:88]
ERROR: [VRFC 10-2989] 'DEY' is not declared [C:/Users/User/Desktop/Atari/Atari2600.srcs/sources_1/new/control_unit.v:93]
ERROR: [VRFC 10-2989] 'DEX' is not declared [C:/Users/User/Desktop/Atari/Atari2600.srcs/sources_1/new/control_unit.v:105]
ERROR: [VRFC 10-2989] 'CLC' is not declared [C:/Users/User/Desktop/Atari/Atari2600.srcs/sources_1/new/control_unit.v:117]
ERROR: [VRFC 10-2989] 'CLC' is not declared [C:/Users/User/Desktop/Atari/Atari2600.srcs/sources_1/new/control_unit.v:119]
ERROR: [VRFC 10-2989] 'CLD' is not declared [C:/Users/User/Desktop/Atari/Atari2600.srcs/sources_1/new/control_unit.v:120]
ERROR: [VRFC 10-2989] 'CLI' is not declared [C:/Users/User/Desktop/Atari/Atari2600.srcs/sources_1/new/control_unit.v:121]
ERROR: [VRFC 10-2989] 'NOP' is not declared [C:/Users/User/Desktop/Atari/Atari2600.srcs/sources_1/new/control_unit.v:126]
ERROR: [VRFC 10-2989] 'PHA' is not declared [C:/Users/User/Desktop/Atari/Atari2600.srcs/sources_1/new/control_unit.v:129]
ERROR: [VRFC 10-2989] 'PHP' is not declared [C:/Users/User/Desktop/Atari/Atari2600.srcs/sources_1/new/control_unit.v:140]
ERROR: [VRFC 10-2989] 'PLA' is not declared [C:/Users/User/Desktop/Atari/Atari2600.srcs/sources_1/new/control_unit.v:152]
ERROR: [VRFC 10-2989] 'LSR' is not declared [C:/Users/User/Desktop/Atari/Atari2600.srcs/sources_1/new/control_unit.v:162]
ERROR: [VRFC 10-2989] 'abt' is not declared [C:/Users/User/Desktop/Atari/Atari2600.srcs/sources_1/new/control_unit.v:163]
ERROR: [VRFC 10-2989] 'T2' is not declared [C:/Users/User/Desktop/Atari/Atari2600.srcs/sources_1/new/control_unit.v:170]
ERROR: [VRFC 10-2989] 'T2' is not declared [C:/Users/User/Desktop/Atari/Atari2600.srcs/sources_1/new/control_unit.v:172]
ERROR: [VRFC 10-2989] 'DEY' is not declared [C:/Users/User/Desktop/Atari/Atari2600.srcs/sources_1/new/control_unit.v:179]
INFO: [#UNDEF] Sorry, too many errors..
